<?xml version="1.0" encoding="UTF-8"?>
<!-- Generated by org.testng.reporters.JUnitXMLReporter -->
<testsuite hostname="shibu-pc" ignored="0" name="test_Samsung Galaxy A7 6.0.1" tests="3" failures="1" timestamp="02 Dec 2018 06:34:06 GMT" time="194.887" errors="0">
  <testcase name="@AfterMethod afterClass" time="0.001" classname="com.vodafoneidea.mva.test.TestSetUp">
    <failure type="java.lang.NullPointerException">
      <![CDATA[java.lang.NullPointerException
	at com.vodafoneidea.mva.test.TestSetUp.afterClass(TestSetUp.java:54)
	at java.util.concurrent.FutureTask.run(FutureTask.java:266)
	at java.util.concurrent.ThreadPoolExecutor.runWorker(ThreadPoolExecutor.java:1149)
	at java.util.concurrent.ThreadPoolExecutor$Worker.run(ThreadPoolExecutor.java:624)
	at java.lang.Thread.run(Thread.java:748)
... Removed 18 stack frames]]>
    </failure>
  </testcase> <!-- @AfterMethod afterClass -->
  <testcase name="@BeforeMethod beforeClass" time="0.0" classname="com.vodafoneidea.mva.test.TestSetUp">
    <skipped/>
  </testcase> <!-- @BeforeMethod beforeClass -->
  <testcase name="@BeforeMethod beforeClass" time="0.0" classname="com.vodafoneidea.mva.test.TestSetUp">
    <skipped/>
  </testcase> <!-- @BeforeMethod beforeClass -->
  <testcase name="testAppLaunch" time="0.022" classname="com.vodafoneidea.mva.test.launchAppTest">
    <failure type="java.lang.IllegalArgumentException" message="Can not set io.appium.java_client.MobileElement field com.vodafoneidea.mva.pages.objects.launchHomePageObjects.descriptionContainer to org.openqa.selenium.remote.RemoteWebElement$$EnhancerByCGLIB$$d27c0df4">
      <![CDATA[java.lang.IllegalArgumentException: Can not set io.appium.java_client.MobileElement field com.vodafoneidea.mva.pages.objects.launchHomePageObjects.descriptionContainer to org.openqa.selenium.remote.RemoteWebElement$$EnhancerByCGLIB$$d27c0df4
	at org.openqa.selenium.support.PageFactory.proxyFields(PageFactory.java:117)
	at org.openqa.selenium.support.PageFactory.initElements(PageFactory.java:105)
	at com.vodafoneidea.mva.pages.Actions.launchHomePage.<init>(launchHomePage.java:42)
	at com.vodafoneidea.mva.test.launchAppTest.getHomePage(launchAppTest.java:107)
	at com.vodafoneidea.mva.test.launchAppTest.testAppLaunch(launchAppTest.java:49)
	at java.util.concurrent.FutureTask.run(FutureTask.java:266)
	at java.util.concurrent.ThreadPoolExecutor.runWorker(ThreadPoolExecutor.java:1149)
	at java.util.concurrent.ThreadPoolExecutor$Worker.run(ThreadPoolExecutor.java:624)
	at java.lang.Thread.run(Thread.java:748)
... Removed 20 stack frames]]>
    </failure>
  </testcase> <!-- testAppLaunch -->
  <testcase name="LaunchPostPaidNumber" time="0.0" classname="com.vodafoneidea.mva.test.launchAppTest">
    <skipped/>
  </testcase> <!-- LaunchPostPaidNumber -->
  <testcase name="ProfileFuncationlity" time="0.0" classname="com.vodafoneidea.mva.test.launchAppTest">
    <skipped/>
  </testcase> <!-- ProfileFuncationlity -->
</testsuite> <!-- test_Samsung Galaxy A7 6.0.1 -->
