<?xml version="1.0" encoding="UTF-8"?>
<!-- Generated by org.testng.reporters.JUnitXMLReporter -->
<testsuite hostname="shibu-pc" ignored="0" name="test_Samsung Galaxy C9 Pro 7.1.1" tests="1" failures="1" timestamp="21 Nov 2018 07:26:49 GMT" time="259.875" errors="0">
  <testcase name="testAppLaunch" time="259.851" classname="com.vodafoneidea.mva.test.launchAppTest">
    <failure type="java.lang.AssertionError" message="org.openqa.selenium.WebDriverException: cannot forward the request 192.168.1.17:30330 failed to respond
Command duration or timeout: 0 milliseconds expected [true] but found [false]">
      <![CDATA[java.lang.AssertionError: org.openqa.selenium.WebDriverException: cannot forward the request 192.168.1.17:30330 failed to respond
Command duration or timeout: 0 milliseconds expected [true] but found [false]
	at com.vodafoneidea.mva.pages.Actions.loginPage.loginPage(loginPage.java:62)
	at com.vodafoneidea.mva.test.launchAppTest.testAppLaunch(launchAppTest.java:27)
	at java.util.concurrent.FutureTask.run(FutureTask.java:266)
	at java.util.concurrent.ThreadPoolExecutor.runWorker(ThreadPoolExecutor.java:1149)
	at java.util.concurrent.ThreadPoolExecutor$Worker.run(ThreadPoolExecutor.java:624)
	at java.lang.Thread.run(Thread.java:748)
... Removed 19 stack frames]]>
    </failure>
  </testcase> <!-- testAppLaunch -->
</testsuite> <!-- test_Samsung Galaxy C9 Pro 7.1.1 -->
